Input an integer between 1 and 10:
0
Input an integer between 1 and 10:
1
Input an integer between 1 and 10:
2
Input an integer between 1 and 10:
3
Input an integer between 1 and 10:
4
Input an integer between 1 and 10:
5
Input an integer between 1 and 10:
6
Input an integer between 1 and 10:
7
Input an integer between 1 and 10:
8
Input an integer between 1 and 10:
9
Input an integer between 1 and 10:
10
Input an integer between 1 and 10:
10
Input an integer between 1 and 10:
10
Input an integer between 1 and 10:
11
Input an integer between 1 and 10:
-1
Rating	Number of Responses
1	1
2	1
3	1
4	1
5	1
6	1
7	1
8	1
9	1
10	3

